Traceback (most recent call last):
  File "/opt/conda/envs/prcsl/lib/python3.8/site-packages/medmnist/dataset.py", line 106, in download
    download_url(
  File "/opt/conda/envs/prcsl/lib/python3.8/site-packages/torchvision/datasets/utils.py", line 138, in download_url
    if check_integrity(fpath, md5):
  File "/opt/conda/envs/prcsl/lib/python3.8/site-packages/torchvision/datasets/utils.py", line 86, in check_integrity
    return check_md5(fpath, md5)
  File "/opt/conda/envs/prcsl/lib/python3.8/site-packages/torchvision/datasets/utils.py", line 78, in check_md5
    return md5 == calculate_md5(fpath, **kwargs)
  File "/opt/conda/envs/prcsl/lib/python3.8/site-packages/torchvision/datasets/utils.py", line 73, in calculate_md5
    md5.update(chunk)
KeyboardInterrupt

During handling of the above exception, another exception occurred:

Traceback (most recent call last):
  File "/workspace/ACCV_2024/PRCSL/src/main.py", line 312, in <module>
    main()
  File "/workspace/ACCV_2024/PRCSL/src/main.py", line 198, in main
    trn_loader, val_loader, tst_loader, taskcla = get_loaders(args.datasets, args.num_tasks, args.nc_first_task,
  File "/workspace/ACCV_2024/PRCSL/src/datasets/data_loader.py", line 41, in get_loaders
    trn_dset, val_dset, tst_dset, curtaskcla = get_datasets(cur_dataset, dc['path'], num_tasks, nc_first_task,
  File "/workspace/ACCV_2024/PRCSL/src/datasets/data_loader.py", line 157, in get_datasets
    tvmnist_trn = TissueMNIST(root=path, split="train", download=True, as_rgb=True)
  File "/opt/conda/envs/prcsl/lib/python3.8/site-packages/medmnist/dataset.py", line 56, in __init__
    self.download()
  File "/opt/conda/envs/prcsl/lib/python3.8/site-packages/medmnist/dataset.py", line 113, in download
    raise RuntimeError(
RuntimeError: 
                Automatic download failed! Please download tissuemnist.npz manually.
                1. [Optional] Check your network connection: 
                    Go to https://github.com/MedMNIST/MedMNIST/ and find the Zenodo repository
                2. Download the npz file from the Zenodo repository or its Zenodo data link: 
                    https://zenodo.org/records/10519652/files/tissuemnist.npz?download=1
                3. [Optional] Verify the MD5: 
                    ebe78ee8b05294063de985d821c1c34b
                4. Put the npz file under your MedMNIST root folder: 
                    ./data/tissuemnist
                
