/workspace/ACCV_2024/PRCSL/src/approach/der.py:110: UserWarning: To copy construct from a tensor, it is recommended to use sourceTensor.clone().detach() or sourceTensor.clone().detach().requires_grad_(True), rather than torch.tensor(sourceTensor).
  batch_exemplars.logits[i] = torch.tensor(lgt).clone().detach()
Traceback (most recent call last):
  File "/opt/conda/envs/prcsl/lib/python3.8/site-packages/PIL/Image.py", line 3437, in open
    fp.seek(0)
AttributeError: 'Tensor' object has no attribute 'seek'

During handling of the above exception, another exception occurred:

Traceback (most recent call last):
  File "/workspace/ACCV_2024/PRCSL/src/main.py", line 303, in <module>
    main()
  File "/workspace/ACCV_2024/PRCSL/src/main.py", line 251, in main
    appr.train(t, trn_loader[t], val_loader[t])
  File "/workspace/ACCV_2024/PRCSL/src/approach/incremental_learning_der.py", line 56, in train
    self.train_loop(t, trn_loader, val_loader)
  File "/workspace/ACCV_2024/PRCSL/src/approach/der.py", line 66, in train_loop
    super().train_loop(t, trn_loader, val_loader)
  File "/workspace/ACCV_2024/PRCSL/src/approach/incremental_learning_der.py", line 73, in train_loop
    self.train_epoch(t, trn_loader)
  File "/workspace/ACCV_2024/PRCSL/src/approach/der.py", line 122, in train_epoch
    img = Image.open(buff_images)
  File "/opt/conda/envs/prcsl/lib/python3.8/site-packages/PIL/Image.py", line 3439, in open
    fp = io.BytesIO(fp.read())
AttributeError: 'Tensor' object has no attribute 'read'
